::1 - - [29/Aug/2017:03:34:53 +0000] "DELETE /5 HTTP/1.1" 200 23 "-" "Mozilla/5.0 (X11; Linux x86_64) AppleWebKit/537.36 (KHTML, like Gecko) Chrome/60.0.3112.78 Safari/537.36"
::1 - - [06/Sep/2017:06:17:03 +0000] "GET / HTTP/1.1" 200 828 "-" "Mozilla/5.0 (X11; Linux x86_64) AppleWebKit/537.36 (KHTML, like Gecko) Chrome/60.0.3112.78 Safari/537.36"
::1 - - [06/Sep/2017:06:17:03 +0000] "GET /favicon.ico HTTP/1.1" 404 150 "http://localhost:3003/" "Mozilla/5.0 (X11; Linux x86_64) AppleWebKit/537.36 (KHTML, like Gecko) Chrome/60.0.3112.78 Safari/537.36"
::1 - - [06/Sep/2017:06:18:20 +0000] "GET / HTTP/1.1" 200 828 "-" "Mozilla/5.0 (X11; Linux x86_64) AppleWebKit/537.36 (KHTML, like Gecko) Chrome/60.0.3112.78 Safari/537.36"
::1 - - [06/Sep/2017:06:18:37 +0000] "GET / HTTP/1.1" 304 - "http://localhost:3000/" "Mozilla/5.0 (X11; Linux x86_64) AppleWebKit/537.36 (KHTML, like Gecko) Chrome/60.0.3112.78 Safari/537.36"
::1 - - [06/Sep/2017:06:19:37 +0000] "GET / HTTP/1.1" 304 - "-" "Mozilla/5.0 (X11; Linux x86_64) AppleWebKit/537.36 (KHTML, like Gecko) Chrome/60.0.3112.78 Safari/537.36"
::1 - - [06/Sep/2017:06:19:40 +0000] "GET / HTTP/1.1" 304 - "-" "Mozilla/5.0 (X11; Linux x86_64) AppleWebKit/537.36 (KHTML, like Gecko) Chrome/60.0.3112.78 Safari/537.36"
::1 - - [06/Sep/2017:06:19:45 +0000] "GET / HTTP/1.1" 304 - "-" "Mozilla/5.0 (X11; Linux x86_64) AppleWebKit/537.36 (KHTML, like Gecko) Chrome/60.0.3112.78 Safari/537.36"
::1 - - [06/Sep/2017:06:19:54 +0000] "GET / HTTP/1.1" 304 - "-" "Mozilla/5.0 (X11; Linux x86_64) AppleWebKit/537.36 (KHTML, like Gecko) Chrome/60.0.3112.78 Safari/537.36"
::1 - - [06/Sep/2017:06:20:13 +0000] "GET / HTTP/1.1" 304 - "http://localhost:3000/" "Mozilla/5.0 (X11; Linux x86_64) AppleWebKit/537.36 (KHTML, like Gecko) Chrome/60.0.3112.78 Safari/537.36"
::1 - - [06/Sep/2017:07:19:33 +0000] "GET / HTTP/1.1" 304 - "-" "Mozilla/5.0 (X11; Linux x86_64) AppleWebKit/537.36 (KHTML, like Gecko) Chrome/60.0.3112.78 Safari/537.36"
::1 - - [06/Sep/2017:07:19:34 +0000] "GET / HTTP/1.1" 304 - "-" "Mozilla/5.0 (X11; Linux x86_64) AppleWebKit/537.36 (KHTML, like Gecko) Chrome/60.0.3112.78 Safari/537.36"
::1 - - [06/Sep/2017:07:19:46 +0000] "GET / HTTP/1.1" 304 - "-" "Mozilla/5.0 (X11; Linux x86_64) AppleWebKit/537.36 (KHTML, like Gecko) Chrome/60.0.3112.78 Safari/537.36"
::1 - - [06/Sep/2017:07:19:48 +0000] "GET / HTTP/1.1" 304 - "-" "Mozilla/5.0 (X11; Linux x86_64) AppleWebKit/537.36 (KHTML, like Gecko) Chrome/60.0.3112.78 Safari/537.36"
::1 - - [06/Sep/2017:07:23:40 +0000] "GET / HTTP/1.1" 304 - "http://localhost:3000/" "Mozilla/5.0 (X11; Linux x86_64) AppleWebKit/537.36 (KHTML, like Gecko) Chrome/60.0.3112.78 Safari/537.36"
::1 - - [06/Sep/2017:07:23:42 +0000] "GET / HTTP/1.1" 304 - "http://localhost:3000/" "Mozilla/5.0 (X11; Linux x86_64) AppleWebKit/537.36 (KHTML, like Gecko) Chrome/60.0.3112.78 Safari/537.36"
::1 - - [06/Sep/2017:07:28:30 +0000] "GET / HTTP/1.1" 304 - "http://localhost:3000/" "Mozilla/5.0 (X11; Linux x86_64) AppleWebKit/537.36 (KHTML, like Gecko) Chrome/60.0.3112.78 Safari/537.36"
::1 - - [06/Sep/2017:07:28:31 +0000] "GET / HTTP/1.1" 304 - "http://localhost:3000/" "Mozilla/5.0 (X11; Linux x86_64) AppleWebKit/537.36 (KHTML, like Gecko) Chrome/60.0.3112.78 Safari/537.36"
::1 - - [06/Sep/2017:07:34:49 +0000] "GET / HTTP/1.1" 304 - "http://localhost:3000/" "Mozilla/5.0 (X11; Linux x86_64) AppleWebKit/537.36 (KHTML, like Gecko) Chrome/60.0.3112.78 Safari/537.36"
::1 - - [06/Sep/2017:08:03:50 +0000] "GET / HTTP/1.1" 304 - "-" "Mozilla/5.0 (X11; Linux x86_64) AppleWebKit/537.36 (KHTML, like Gecko) Chrome/60.0.3112.78 Safari/537.36"
::1 - - [06/Sep/2017:08:03:51 +0000] "GET / HTTP/1.1" 304 - "-" "Mozilla/5.0 (X11; Linux x86_64) AppleWebKit/537.36 (KHTML, like Gecko) Chrome/60.0.3112.78 Safari/537.36"
::1 - - [06/Sep/2017:08:03:52 +0000] "GET / HTTP/1.1" 304 - "-" "Mozilla/5.0 (X11; Linux x86_64) AppleWebKit/537.36 (KHTML, like Gecko) Chrome/60.0.3112.78 Safari/537.36"
::1 - - [06/Sep/2017:08:04:06 +0000] "GET / HTTP/1.1" 304 - "http://localhost:3000/" "Mozilla/5.0 (X11; Linux x86_64) AppleWebKit/537.36 (KHTML, like Gecko) Chrome/60.0.3112.78 Safari/537.36"
::1 - - [06/Sep/2017:08:17:58 +0000] "GET / HTTP/1.1" 304 - "http://localhost:3000/" "Mozilla/5.0 (X11; Linux x86_64) AppleWebKit/537.36 (KHTML, like Gecko) Chrome/60.0.3112.78 Safari/537.36"
::1 - - [06/Sep/2017:08:17:59 +0000] "GET / HTTP/1.1" 304 - "http://localhost:3000/" "Mozilla/5.0 (X11; Linux x86_64) AppleWebKit/537.36 (KHTML, like Gecko) Chrome/60.0.3112.78 Safari/537.36"
::1 - - [06/Sep/2017:08:18:00 +0000] "GET / HTTP/1.1" 304 - "http://localhost:3000/" "Mozilla/5.0 (X11; Linux x86_64) AppleWebKit/537.36 (KHTML, like Gecko) Chrome/60.0.3112.78 Safari/537.36"
::1 - - [06/Sep/2017:08:20:45 +0000] "GET / HTTP/1.1" 304 - "http://localhost:3000/" "Mozilla/5.0 (X11; Linux x86_64) AppleWebKit/537.36 (KHTML, like Gecko) Chrome/60.0.3112.78 Safari/537.36"
::1 - - [06/Sep/2017:08:20:45 +0000] "GET / HTTP/1.1" 304 - "http://localhost:3000/" "Mozilla/5.0 (X11; Linux x86_64) AppleWebKit/537.36 (KHTML, like Gecko) Chrome/60.0.3112.78 Safari/537.36"
::1 - - [06/Sep/2017:08:20:52 +0000] "GET / HTTP/1.1" 304 - "http://localhost:3000/" "Mozilla/5.0 (X11; Linux x86_64) AppleWebKit/537.36 (KHTML, like Gecko) Chrome/60.0.3112.78 Safari/537.36"
::1 - - [06/Sep/2017:08:20:55 +0000] "GET / HTTP/1.1" 304 - "http://localhost:3000/" "Mozilla/5.0 (X11; Linux x86_64) AppleWebKit/537.36 (KHTML, like Gecko) Chrome/60.0.3112.78 Safari/537.36"
::1 - - [06/Sep/2017:08:21:01 +0000] "GET / HTTP/1.1" 304 - "-" "Mozilla/5.0 (X11; Linux x86_64) AppleWebKit/537.36 (KHTML, like Gecko) Chrome/60.0.3112.78 Safari/537.36"
::1 - - [06/Sep/2017:08:21:02 +0000] "GET / HTTP/1.1" 304 - "-" "Mozilla/5.0 (X11; Linux x86_64) AppleWebKit/537.36 (KHTML, like Gecko) Chrome/60.0.3112.78 Safari/537.36"
::1 - - [06/Sep/2017:08:21:03 +0000] "GET / HTTP/1.1" 304 - "-" "Mozilla/5.0 (X11; Linux x86_64) AppleWebKit/537.36 (KHTML, like Gecko) Chrome/60.0.3112.78 Safari/537.36"
::1 - - [06/Sep/2017:08:21:03 +0000] "GET / HTTP/1.1" 304 - "-" "Mozilla/5.0 (X11; Linux x86_64) AppleWebKit/537.36 (KHTML, like Gecko) Chrome/60.0.3112.78 Safari/537.36"
::1 - - [06/Sep/2017:08:21:04 +0000] "GET / HTTP/1.1" 304 - "-" "Mozilla/5.0 (X11; Linux x86_64) AppleWebKit/537.36 (KHTML, like Gecko) Chrome/60.0.3112.78 Safari/537.36"
::1 - - [06/Sep/2017:08:21:04 +0000] "GET / HTTP/1.1" 304 - "-" "Mozilla/5.0 (X11; Linux x86_64) AppleWebKit/537.36 (KHTML, like Gecko) Chrome/60.0.3112.78 Safari/537.36"
::1 - - [06/Sep/2017:08:21:04 +0000] "GET / HTTP/1.1" 304 - "-" "Mozilla/5.0 (X11; Linux x86_64) AppleWebKit/537.36 (KHTML, like Gecko) Chrome/60.0.3112.78 Safari/537.36"
::1 - - [06/Sep/2017:08:21:04 +0000] "GET / HTTP/1.1" 304 - "-" "Mozilla/5.0 (X11; Linux x86_64) AppleWebKit/537.36 (KHTML, like Gecko) Chrome/60.0.3112.78 Safari/537.36"
::1 - - [06/Sep/2017:08:21:04 +0000] "GET / HTTP/1.1" 304 - "-" "Mozilla/5.0 (X11; Linux x86_64) AppleWebKit/537.36 (KHTML, like Gecko) Chrome/60.0.3112.78 Safari/537.36"
::1 - - [06/Sep/2017:08:21:04 +0000] "GET / HTTP/1.1" 304 - "-" "Mozilla/5.0 (X11; Linux x86_64) AppleWebKit/537.36 (KHTML, like Gecko) Chrome/60.0.3112.78 Safari/537.36"
::1 - - [06/Sep/2017:08:21:05 +0000] "GET / HTTP/1.1" 304 - "-" "Mozilla/5.0 (X11; Linux x86_64) AppleWebKit/537.36 (KHTML, like Gecko) Chrome/60.0.3112.78 Safari/537.36"
::1 - - [06/Sep/2017:08:21:05 +0000] "GET / HTTP/1.1" 304 - "-" "Mozilla/5.0 (X11; Linux x86_64) AppleWebKit/537.36 (KHTML, like Gecko) Chrome/60.0.3112.78 Safari/537.36"
::1 - - [06/Sep/2017:08:21:05 +0000] "GET / HTTP/1.1" 304 - "-" "Mozilla/5.0 (X11; Linux x86_64) AppleWebKit/537.36 (KHTML, like Gecko) Chrome/60.0.3112.78 Safari/537.36"
::1 - - [06/Sep/2017:08:21:05 +0000] "GET / HTTP/1.1" 304 - "-" "Mozilla/5.0 (X11; Linux x86_64) AppleWebKit/537.36 (KHTML, like Gecko) Chrome/60.0.3112.78 Safari/537.36"
::1 - - [06/Sep/2017:08:21:05 +0000] "GET / HTTP/1.1" 304 - "-" "Mozilla/5.0 (X11; Linux x86_64) AppleWebKit/537.36 (KHTML, like Gecko) Chrome/60.0.3112.78 Safari/537.36"
::1 - - [06/Sep/2017:08:21:30 +0000] "GET / HTTP/1.1" 304 - "http://localhost:3000/" "Mozilla/5.0 (X11; Linux x86_64) AppleWebKit/537.36 (KHTML, like Gecko) Chrome/60.0.3112.78 Safari/537.36"
::1 - - [06/Sep/2017:08:21:34 +0000] "GET / HTTP/1.1" 304 - "-" "Mozilla/5.0 (X11; Linux x86_64) AppleWebKit/537.36 (KHTML, like Gecko) Chrome/60.0.3112.78 Safari/537.36"
::1 - - [06/Sep/2017:08:21:40 +0000] "GET / HTTP/1.1" 304 - "http://localhost:3000/" "Mozilla/5.0 (X11; Linux x86_64) AppleWebKit/537.36 (KHTML, like Gecko) Chrome/60.0.3112.78 Safari/537.36"
::1 - - [06/Sep/2017:08:23:14 +0000] "GET / HTTP/1.1" 304 - "http://localhost:3000/" "Mozilla/5.0 (X11; Linux x86_64) AppleWebKit/537.36 (KHTML, like Gecko) Chrome/60.0.3112.78 Safari/537.36"
::1 - - [06/Sep/2017:08:23:18 +0000] "GET / HTTP/1.1" 304 - "-" "Mozilla/5.0 (X11; Linux x86_64) AppleWebKit/537.36 (KHTML, like Gecko) Chrome/60.0.3112.78 Safari/537.36"
::1 - - [06/Sep/2017:08:25:54 +0000] "GET / HTTP/1.1" 304 - "http://localhost:3000/" "Mozilla/5.0 (X11; Linux x86_64) AppleWebKit/537.36 (KHTML, like Gecko) Chrome/60.0.3112.78 Safari/537.36"
::1 - - [06/Sep/2017:08:25:56 +0000] "GET / HTTP/1.1" 304 - "http://localhost:3000/" "Mozilla/5.0 (X11; Linux x86_64) AppleWebKit/537.36 (KHTML, like Gecko) Chrome/60.0.3112.78 Safari/537.36"
::1 - - [06/Sep/2017:08:26:50 +0000] "GET / HTTP/1.1" 304 - "-" "Mozilla/5.0 (X11; Linux x86_64) AppleWebKit/537.36 (KHTML, like Gecko) Chrome/60.0.3112.78 Safari/537.36"
::1 - - [06/Sep/2017:08:27:01 +0000] "GET / HTTP/1.1" 304 - "-" "Mozilla/5.0 (X11; Linux x86_64) AppleWebKit/537.36 (KHTML, like Gecko) Chrome/60.0.3112.78 Safari/537.36"
::1 - - [06/Sep/2017:08:27:10 +0000] "GET / HTTP/1.1" 304 - "-" "Mozilla/5.0 (X11; Linux x86_64) AppleWebKit/537.36 (KHTML, like Gecko) Chrome/60.0.3112.78 Safari/537.36"
::1 - - [06/Sep/2017:08:27:26 +0000] "GET / HTTP/1.1" 304 - "http://localhost:3000/" "Mozilla/5.0 (X11; Linux x86_64) AppleWebKit/537.36 (KHTML, like Gecko) Chrome/60.0.3112.78 Safari/537.36"
::1 - - [06/Sep/2017:08:28:07 +0000] "GET / HTTP/1.1" 304 - "http://localhost:3000/" "Mozilla/5.0 (X11; Linux x86_64) AppleWebKit/537.36 (KHTML, like Gecko) Chrome/60.0.3112.78 Safari/537.36"
::1 - - [06/Sep/2017:08:30:06 +0000] "GET / HTTP/1.1" 304 - "http://localhost:3000/" "Mozilla/5.0 (X11; Linux x86_64) AppleWebKit/537.36 (KHTML, like Gecko) Chrome/60.0.3112.78 Safari/537.36"
::1 - - [06/Sep/2017:08:30:17 +0000] "GET / HTTP/1.1" 304 - "http://localhost:3000/" "Mozilla/5.0 (X11; Linux x86_64) AppleWebKit/537.36 (KHTML, like Gecko) Chrome/60.0.3112.78 Safari/537.36"
::1 - - [06/Sep/2017:08:30:56 +0000] "GET / HTTP/1.1" 304 - "http://localhost:3000/" "Mozilla/5.0 (X11; Linux x86_64) AppleWebKit/537.36 (KHTML, like Gecko) Chrome/60.0.3112.78 Safari/537.36"
::1 - - [06/Sep/2017:08:30:57 +0000] "GET / HTTP/1.1" 304 - "http://localhost:3000/" "Mozilla/5.0 (X11; Linux x86_64) AppleWebKit/537.36 (KHTML, like Gecko) Chrome/60.0.3112.78 Safari/537.36"
::1 - - [06/Sep/2017:08:33:31 +0000] "GET / HTTP/1.1" 304 - "http://localhost:3000/" "Mozilla/5.0 (X11; Linux x86_64) AppleWebKit/537.36 (KHTML, like Gecko) Chrome/60.0.3112.78 Safari/537.36"
::1 - - [06/Sep/2017:09:05:15 +0000] "GET / HTTP/1.1" 304 - "http://localhost:3000/" "Mozilla/5.0 (X11; Linux x86_64) AppleWebKit/537.36 (KHTML, like Gecko) Chrome/60.0.3112.78 Safari/537.36"
::1 - - [06/Sep/2017:09:09:50 +0000] "GET / HTTP/1.1" 304 - "http://localhost:3000/" "Mozilla/5.0 (X11; Linux x86_64) AppleWebKit/537.36 (KHTML, like Gecko) Chrome/60.0.3112.78 Safari/537.36"
::1 - - [06/Sep/2017:09:10:43 +0000] "GET / HTTP/1.1" 304 - "http://localhost:3000/" "Mozilla/5.0 (X11; Linux x86_64) AppleWebKit/537.36 (KHTML, like Gecko) Chrome/60.0.3112.78 Safari/537.36"
::1 - - [06/Sep/2017:10:16:18 +0000] "GET / HTTP/1.1" 200 828 "http://localhost:3000/" "Mozilla/5.0 (X11; Linux x86_64) AppleWebKit/537.36 (KHTML, like Gecko) Chrome/60.0.3112.78 Safari/537.36"
::1 - - [06/Sep/2017:10:18:41 +0000] "GET / HTTP/1.1" 304 - "http://localhost:3000/" "Mozilla/5.0 (X11; Linux x86_64) AppleWebKit/537.36 (KHTML, like Gecko) Chrome/60.0.3112.78 Safari/537.36"
::1 - - [08/Sep/2017:06:17:24 +0000] "GET / HTTP/1.1" 200 11 "-" "Mozilla/5.0 (X11; Linux x86_64) AppleWebKit/537.36 (KHTML, like Gecko) Chrome/60.0.3112.78 Safari/537.36"
::1 - - [08/Sep/2017:06:20:01 +0000] "POST / HTTP/1.1" 200 45 "http://localhost:4200/" "Mozilla/5.0 (X11; Linux x86_64) AppleWebKit/537.36 (KHTML, like Gecko) Chrome/60.0.3112.78 Safari/537.36"
::1 - - [08/Sep/2017:06:20:10 +0000] "GET / HTTP/1.1" 200 45 "-" "Mozilla/5.0 (X11; Linux x86_64) AppleWebKit/537.36 (KHTML, like Gecko) Chrome/60.0.3112.78 Safari/537.36"
::1 - - [08/Sep/2017:06:22:03 +0000] "POST / HTTP/1.1" 200 45 "http://localhost:4200/" "Mozilla/5.0 (X11; Linux x86_64) AppleWebKit/537.36 (KHTML, like Gecko) Chrome/60.0.3112.78 Safari/537.36"
::1 - - [08/Sep/2017:06:25:20 +0000] "POST / HTTP/1.1" 200 45 "http://localhost:4200/" "Mozilla/5.0 (X11; Linux x86_64) AppleWebKit/537.36 (KHTML, like Gecko) Chrome/60.0.3112.78 Safari/537.36"
::1 - - [08/Sep/2017:06:26:30 +0000] "POST / HTTP/1.1" 200 45 "http://localhost:4200/" "Mozilla/5.0 (X11; Linux x86_64) AppleWebKit/537.36 (KHTML, like Gecko) Chrome/60.0.3112.78 Safari/537.36"
::1 - - [08/Sep/2017:06:28:38 +0000] "POST / HTTP/1.1" 200 45 "http://localhost:4200/" "Mozilla/5.0 (X11; Linux x86_64) AppleWebKit/537.36 (KHTML, like Gecko) Chrome/60.0.3112.78 Safari/537.36"
::1 - - [08/Sep/2017:06:28:53 +0000] "POST / HTTP/1.1" 200 45 "http://localhost:4200/" "Mozilla/5.0 (X11; Linux x86_64) AppleWebKit/537.36 (KHTML, like Gecko) Chrome/60.0.3112.78 Safari/537.36"
::1 - - [08/Sep/2017:06:32:07 +0000] "POST / HTTP/1.1" 200 45 "http://localhost:4200/" "Mozilla/5.0 (X11; Linux x86_64) AppleWebKit/537.36 (KHTML, like Gecko) Chrome/60.0.3112.78 Safari/537.36"
::1 - - [08/Sep/2017:06:44:49 +0000] "GET / HTTP/1.1" 200 255 "-" "Mozilla/5.0 (X11; Linux x86_64) AppleWebKit/537.36 (KHTML, like Gecko) Chrome/60.0.3112.78 Safari/537.36"
::1 - - [08/Sep/2017:06:45:36 +0000] "POST / HTTP/1.1" 200 45 "http://localhost:4200/" "Mozilla/5.0 (X11; Linux x86_64) AppleWebKit/537.36 (KHTML, like Gecko) Chrome/60.0.3112.78 Safari/537.36"
::1 - - [08/Sep/2017:06:46:48 +0000] "POST / HTTP/1.1" 200 45 "http://localhost:4200/" "Mozilla/5.0 (X11; Linux x86_64) AppleWebKit/537.36 (KHTML, like Gecko) Chrome/60.0.3112.78 Safari/537.36"
::1 - - [08/Sep/2017:06:50:52 +0000] "POST / HTTP/1.1" 200 45 "http://localhost:4200/" "Mozilla/5.0 (X11; Linux x86_64) AppleWebKit/537.36 (KHTML, like Gecko) Chrome/60.0.3112.78 Safari/537.36"
::1 - - [08/Sep/2017:06:51:58 +0000] "POST / HTTP/1.1" 200 45 "http://localhost:4200/" "Mozilla/5.0 (X11; Linux x86_64) AppleWebKit/537.36 (KHTML, like Gecko) Chrome/60.0.3112.78 Safari/537.36"
::1 - - [08/Sep/2017:06:53:20 +0000] "POST / HTTP/1.1" 200 45 "http://localhost:4200/" "Mozilla/5.0 (X11; Linux x86_64) AppleWebKit/537.36 (KHTML, like Gecko) Chrome/60.0.3112.78 Safari/537.36"
::1 - - [08/Sep/2017:07:05:17 +0000] "POST / HTTP/1.1" 200 45 "http://localhost:4200/" "Mozilla/5.0 (X11; Linux x86_64) AppleWebKit/537.36 (KHTML, like Gecko) Chrome/60.0.3112.78 Safari/537.36"
::1 - - [08/Sep/2017:07:07:11 +0000] "POST /users HTTP/1.1" 200 45 "http://localhost:4200/" "Mozilla/5.0 (X11; Linux x86_64) AppleWebKit/537.36 (KHTML, like Gecko) Chrome/60.0.3112.78 Safari/537.36"
::1 - - [08/Sep/2017:07:09:52 +0000] "GET / HTTP/1.1" 200 535 "-" "Mozilla/5.0 (X11; Linux x86_64) AppleWebKit/537.36 (KHTML, like Gecko) Chrome/60.0.3112.78 Safari/537.36"
::1 - - [08/Sep/2017:07:11:03 +0000] "POST /users HTTP/1.1" 200 45 "-" "Mozilla/5.0 (X11; Linux x86_64) AppleWebKit/537.36 (KHTML, like Gecko) Chrome/60.0.3112.78 Safari/537.36"
::1 - - [08/Sep/2017:07:11:14 +0000] "GET / HTTP/1.1" 200 570 "-" "Mozilla/5.0 (X11; Linux x86_64) AppleWebKit/537.36 (KHTML, like Gecko) Chrome/60.0.3112.78 Safari/537.36"
::1 - - [08/Sep/2017:07:17:39 +0000] "POST /users HTTP/1.1" 200 45 "-" "Mozilla/5.0 (X11; Linux x86_64) AppleWebKit/537.36 (KHTML, like Gecko) Chrome/60.0.3112.78 Safari/537.36"
::1 - - [08/Sep/2017:07:25:27 +0000] "GET / HTTP/1.1" 200 605 "-" "Mozilla/5.0 (X11; Linux x86_64) AppleWebKit/537.36 (KHTML, like Gecko) Chrome/60.0.3112.78 Safari/537.36"
::1 - - [08/Sep/2017:07:26:55 +0000] "GET / HTTP/1.1" 200 1127 "-" "Mozilla/5.0 (X11; Linux x86_64) AppleWebKit/537.36 (KHTML, like Gecko) Chrome/60.0.3112.78 Safari/537.36"
::1 - - [08/Sep/2017:07:30:48 +0000] "GET /users HTTP/1.1" 404 144 "-" "Mozilla/5.0 (X11; Linux x86_64) AppleWebKit/537.36 (KHTML, like Gecko) Chrome/60.0.3112.78 Safari/537.36"
::1 - - [08/Sep/2017:07:31:08 +0000] "GET / HTTP/1.1" 200 582 "-" "Mozilla/5.0 (X11; Linux x86_64) AppleWebKit/537.36 (KHTML, like Gecko) Chrome/60.0.3112.78 Safari/537.36"
::1 - - [08/Sep/2017:07:32:46 +0000] "GET / HTTP/1.1" 200 978 "-" "Mozilla/5.0 (X11; Linux x86_64) AppleWebKit/537.36 (KHTML, like Gecko) Chrome/60.0.3112.78 Safari/537.36"
::1 - - [08/Sep/2017:07:33:02 +0000] "GET / HTTP/1.1" 200 1374 "-" "Mozilla/5.0 (X11; Linux x86_64) AppleWebKit/537.36 (KHTML, like Gecko) Chrome/60.0.3112.78 Safari/537.36"
::1 - - [09/Sep/2017:04:20:52 +0000] "GET / HTTP/1.1" 404 139 "-" "Mozilla/5.0 (X11; Linux x86_64) AppleWebKit/537.36 (KHTML, like Gecko) Chrome/60.0.3112.78 Safari/537.36"
::1 - - [09/Sep/2017:08:51:04 +0000] "PUT /update/ HTTP/1.1" 404 146 "-" "Mozilla/5.0 (X11; Linux x86_64) AppleWebKit/537.36 (KHTML, like Gecko) Chrome/60.0.3112.78 Safari/537.36"
::1 - - [09/Sep/2017:08:53:08 +0000] "PUT /update/ HTTP/1.1" 404 146 "-" "Mozilla/5.0 (X11; Linux x86_64) AppleWebKit/537.36 (KHTML, like Gecko) Chrome/60.0.3112.78 Safari/537.36"
::1 - - [09/Sep/2017:08:54:45 +0000] "PUT /update/ HTTP/1.1" 404 146 "-" "Mozilla/5.0 (X11; Linux x86_64) AppleWebKit/537.36 (KHTML, like Gecko) Chrome/60.0.3112.78 Safari/537.36"
::1 - - [09/Sep/2017:08:56:15 +0000] "PUT /update/ HTTP/1.1" 404 146 "-" "Mozilla/5.0 (X11; Linux x86_64) AppleWebKit/537.36 (KHTML, like Gecko) Chrome/60.0.3112.78 Safari/537.36"
::1 - - [09/Sep/2017:08:56:26 +0000] "PUT /update/ HTTP/1.1" 404 146 "-" "Mozilla/5.0 (X11; Linux x86_64) AppleWebKit/537.36 (KHTML, like Gecko) Chrome/60.0.3112.78 Safari/537.36"
::1 - - [09/Sep/2017:08:59:00 +0000] "PUT /update/ HTTP/1.1" 404 146 "-" "Mozilla/5.0 (X11; Linux x86_64) AppleWebKit/537.36 (KHTML, like Gecko) Chrome/60.0.3112.78 Safari/537.36"
::1 - - [09/Sep/2017:08:59:02 +0000] "PUT /update/ HTTP/1.1" 404 146 "-" "Mozilla/5.0 (X11; Linux x86_64) AppleWebKit/537.36 (KHTML, like Gecko) Chrome/60.0.3112.78 Safari/537.36"
::1 - - [09/Sep/2017:08:59:50 +0000] "GET /update/ HTTP/1.1" 404 146 "-" "Mozilla/5.0 (X11; Linux x86_64) AppleWebKit/537.36 (KHTML, like Gecko) Chrome/60.0.3112.78 Safari/537.36"
::1 - - [09/Sep/2017:08:59:58 +0000] "PUT /update/ HTTP/1.1" 404 146 "-" "Mozilla/5.0 (X11; Linux x86_64) AppleWebKit/537.36 (KHTML, like Gecko) Chrome/60.0.3112.78 Safari/537.36"
::1 - - [09/Sep/2017:09:01:14 +0000] "PUT /update/ HTTP/1.1" 404 146 "-" "Mozilla/5.0 (X11; Linux x86_64) AppleWebKit/537.36 (KHTML, like Gecko) Chrome/60.0.3112.78 Safari/537.36"
::1 - - [09/Sep/2017:09:01:56 +0000] "PUT /update/ HTTP/1.1" 404 146 "-" "Mozilla/5.0 (X11; Linux x86_64) AppleWebKit/537.36 (KHTML, like Gecko) Chrome/60.0.3112.78 Safari/537.36"
::1 - - [09/Sep/2017:09:02:20 +0000] "PUT /update/ HTTP/1.1" 404 146 "-" "Mozilla/5.0 (X11; Linux x86_64) AppleWebKit/537.36 (KHTML, like Gecko) Chrome/60.0.3112.78 Safari/537.36"
::1 - - [09/Sep/2017:09:04:40 +0000] "PUT /update/ HTTP/1.1" 404 146 "-" "Mozilla/5.0 (X11; Linux x86_64) AppleWebKit/537.36 (KHTML, like Gecko) Chrome/60.0.3112.78 Safari/537.36"
::1 - - [09/Sep/2017:09:07:07 +0000] "PUT /update/ HTTP/1.1" 404 146 "-" "Mozilla/5.0 (X11; Linux x86_64) AppleWebKit/537.36 (KHTML, like Gecko) Chrome/60.0.3112.78 Safari/537.36"
::1 - - [09/Sep/2017:09:07:20 +0000] "PUT /update/ HTTP/1.1" 404 146 "-" "Mozilla/5.0 (X11; Linux x86_64) AppleWebKit/537.36 (KHTML, like Gecko) Chrome/60.0.3112.78 Safari/537.36"
::1 - - [09/Sep/2017:09:07:40 +0000] "PUT /update/ HTTP/1.1" 404 146 "-" "Mozilla/5.0 (X11; Linux x86_64) AppleWebKit/537.36 (KHTML, like Gecko) Chrome/60.0.3112.78 Safari/537.36"
::1 - - [09/Sep/2017:09:07:43 +0000] "PUT /update HTTP/1.1" 404 145 "-" "Mozilla/5.0 (X11; Linux x86_64) AppleWebKit/537.36 (KHTML, like Gecko) Chrome/60.0.3112.78 Safari/537.36"
::1 - - [09/Sep/2017:09:10:11 +0000] "POST /update/ HTTP/1.1" 404 147 "-" "Mozilla/5.0 (X11; Linux x86_64) AppleWebKit/537.36 (KHTML, like Gecko) Chrome/60.0.3112.78 Safari/537.36"
::1 - - [09/Sep/2017:09:11:57 +0000] "POST /update/ HTTP/1.1" 404 147 "-" "Mozilla/5.0 (X11; Linux x86_64) AppleWebKit/537.36 (KHTML, like Gecko) Chrome/60.0.3112.78 Safari/537.36"
::1 - - [09/Sep/2017:09:11:57 +0000] "POST /update/ HTTP/1.1" 404 147 "-" "Mozilla/5.0 (X11; Linux x86_64) AppleWebKit/537.36 (KHTML, like Gecko) Chrome/60.0.3112.78 Safari/537.36"
::1 - - [09/Sep/2017:09:11:58 +0000] "POST /update/ HTTP/1.1" 404 147 "-" "Mozilla/5.0 (X11; Linux x86_64) AppleWebKit/537.36 (KHTML, like Gecko) Chrome/60.0.3112.78 Safari/537.36"
::1 - - [09/Sep/2017:09:12:04 +0000] "PUT /update/ HTTP/1.1" 404 146 "-" "Mozilla/5.0 (X11; Linux x86_64) AppleWebKit/537.36 (KHTML, like Gecko) Chrome/60.0.3112.78 Safari/537.36"
::1 - - [09/Sep/2017:09:12:23 +0000] "PUT /update/ HTTP/1.1" 404 146 "-" "Mozilla/5.0 (X11; Linux x86_64) AppleWebKit/537.36 (KHTML, like Gecko) Chrome/60.0.3112.78 Safari/537.36"
::1 - - [09/Sep/2017:09:16:35 +0000] "PUT /update/ HTTP/1.1" 404 146 "-" "Mozilla/5.0 (X11; Linux x86_64) AppleWebKit/537.36 (KHTML, like Gecko) Chrome/60.0.3112.78 Safari/537.36"
::1 - - [09/Sep/2017:09:19:11 +0000] "PUT /update/ HTTP/1.1" 404 146 "-" "Mozilla/5.0 (X11; Linux x86_64) AppleWebKit/537.36 (KHTML, like Gecko) Chrome/60.0.3112.78 Safari/537.36"
::1 - - [09/Sep/2017:09:19:21 +0000] "PUT /update/ HTTP/1.1" 404 146 "-" "Mozilla/5.0 (X11; Linux x86_64) AppleWebKit/537.36 (KHTML, like Gecko) Chrome/60.0.3112.78 Safari/537.36"
::1 - - [09/Sep/2017:09:20:43 +0000] "PUT /update/ HTTP/1.1" 404 146 "-" "Mozilla/5.0 (X11; Linux x86_64) AppleWebKit/537.36 (KHTML, like Gecko) Chrome/60.0.3112.78 Safari/537.36"
::1 - - [09/Sep/2017:09:20:56 +0000] "PUT /update/ HTTP/1.1" 404 146 "-" "Mozilla/5.0 (X11; Linux x86_64) AppleWebKit/537.36 (KHTML, like Gecko) Chrome/60.0.3112.78 Safari/537.36"
::1 - - [09/Sep/2017:09:21:54 +0000] "PUT /update/ HTTP/1.1" 404 146 "-" "Mozilla/5.0 (X11; Linux x86_64) AppleWebKit/537.36 (KHTML, like Gecko) Chrome/60.0.3112.78 Safari/537.36"
::1 - - [09/Sep/2017:09:22:19 +0000] "PUT /update/ HTTP/1.1" 404 146 "-" "Mozilla/5.0 (X11; Linux x86_64) AppleWebKit/537.36 (KHTML, like Gecko) Chrome/60.0.3112.78 Safari/537.36"
::1 - - [09/Sep/2017:09:22:56 +0000] "PUT /update/Naman HTTP/1.1" 404 151 "-" "Mozilla/5.0 (X11; Linux x86_64) AppleWebKit/537.36 (KHTML, like Gecko) Chrome/60.0.3112.78 Safari/537.36"
::1 - - [09/Sep/2017:10:17:38 +0000] "PUT /update/Mahajan/Naman HTTP/1.1" 404 159 "http://localhost:4200/favourites" "Mozilla/5.0 (X11; Linux x86_64) AppleWebKit/537.36 (KHTML, like Gecko) Chrome/60.0.3112.78 Safari/537.36"
::1 - - [09/Sep/2017:10:21:28 +0000] "PUT /update/Mahajan/Naman HTTP/1.1" 404 159 "http://localhost:4200/favourites" "Mozilla/5.0 (X11; Linux x86_64) AppleWebKit/537.36 (KHTML, like Gecko) Chrome/60.0.3112.78 Safari/537.36"
::1 - - [09/Sep/2017:10:21:53 +0000] "PUT /update/Mahajan/Naman HTTP/1.1" 404 159 "http://localhost:4200/favourites" "Mozilla/5.0 (X11; Linux x86_64) AppleWebKit/537.36 (KHTML, like Gecko) Chrome/60.0.3112.78 Safari/537.36"
::1 - - [09/Sep/2017:10:22:06 +0000] "PUT /update/Mahajan/Naman HTTP/1.1" 404 159 "http://localhost:4200/favourites" "Mozilla/5.0 (X11; Linux x86_64) AppleWebKit/537.36 (KHTML, like Gecko) Chrome/60.0.3112.78 Safari/537.36"
::1 - - [09/Sep/2017:10:36:33 +0000] "DELETE /deleteval/Trio%20of%20hurricanes%20in%20Atlantic%20Ocean%20baffles%20weather%20scientists HTTP/1.1" 404 231 "-" "Mozilla/5.0 (X11; Linux x86_64) AppleWebKit/537.36 (KHTML, like Gecko) Chrome/60.0.3112.78 Safari/537.36"
::1 - - [09/Sep/2017:10:37:43 +0000] "DELETE /deleteval/Trio%20of%20hurricanes%20in%20Atlantic%20Ocean%20baffles%20weather%20scientists HTTP/1.1" 404 231 "-" "Mozilla/5.0 (X11; Linux x86_64) AppleWebKit/537.36 (KHTML, like Gecko) Chrome/60.0.3112.78 Safari/537.36"
::1 - - [09/Sep/2017:10:38:40 +0000] "DELETE /deleteval/Trio%20of%20hurricanes%20in%20Atlantic%20Ocean%20baffles%20weather%20scientists HTTP/1.1" 404 231 "-" "Mozilla/5.0 (X11; Linux x86_64) AppleWebKit/537.36 (KHTML, like Gecko) Chrome/60.0.3112.78 Safari/537.36"
::1 - - [09/Sep/2017:10:41:16 +0000] "DELETE /delet/Trio%20of%20hurricanes%20in%20Atlantic%20Ocean%20baffles%20weather%20scientists HTTP/1.1" 404 227 "-" "Mozilla/5.0 (X11; Linux x86_64) AppleWebKit/537.36 (KHTML, like Gecko) Chrome/60.0.3112.78 Safari/537.36"
::1 - - [09/Sep/2017:10:42:09 +0000] "DELETE /delet/Trio%20of%20hurricanes%20in%20Atlantic%20Ocean%20baffles%20weather%20scientists HTTP/1.1" 404 227 "-" "Mozilla/5.0 (X11; Linux x86_64) AppleWebKit/537.36 (KHTML, like Gecko) Chrome/60.0.3112.78 Safari/537.36"
::1 - - [09/Sep/2017:14:50:12 +0000] "PUT /update/twerwwaf HTTP/1.1" 404 154 "http://localhost:4200/favourites" "Mozilla/5.0 (X11; Linux x86_64) AppleWebKit/537.36 (KHTML, like Gecko) Chrome/60.0.3112.78 Safari/537.36"
